Building DAG of jobs...
Using shell: /usr/bin/bash
Provided cores: 1 (use --cores to define parallelism)
Rules claiming more threads will be scaled down.
Job stats:
job                     count
--------------------  -------
aggregate_arpeggio          1
aggregate_clashes           1
all                         1
collapse_clashes            1
collapse_models             1
delta_vs_wt                 1
delta_vs_wt_clashes         1
plot_foldx_deltas           1
run_arpeggio_model          5
run_arpeggio_wt             1
run_foldx_extraction        1
total                      15

Select jobs to execute...

[Mon Dec  1 22:53:11 2025]
rule run_foldx_extraction:
    input: templates/extract_foldx_energetic_contributions.py, /data/raw_data/computational_data/mutatex_data/marinara/pold1/complexes/dna/6TNY_APT_pdbs/cryo-em/mutations/6TNYapt_78-1107_dna_model0_checked_Repair, /data/raw_data/computational_data/mutatex_data/marinara/pold1/complexes/dna/6TNY_APT_pdbs/cryo-em/mutation_list.txt
    output: output/foldx_output/delta_mean.csv
    jobid: 2
    reason: Missing output files: output/foldx_output/delta_mean.csv
    resources: tmpdir=/tmp

[Mon Dec  1 22:53:12 2025]
Finished job 2.
1 of 15 steps (7%) done
Select jobs to execute...

[Mon Dec  1 22:53:12 2025]
rule run_arpeggio_model:
    input: templates/ArpeggioInteractionPipeline.py, templates/config.yaml, templates/convert_dna_nomenclature.py
    output: output/arpeggio_output/G702S/model_4/arpeggio_output.csv, output/arpeggio_output/G702S/model_4/clashes_contacts.csv
    jobid: 8
    reason: Missing output files: output/arpeggio_output/G702S/model_4/clashes_contacts.csv, output/arpeggio_output/G702S/model_4/arpeggio_output.csv
    wildcards: mut=G702S, rep=4
    resources: tmpdir=/tmp

[Mon Dec  1 22:53:23 2025]
Finished job 8.
2 of 15 steps (13%) done
Select jobs to execute...

[Mon Dec  1 22:53:23 2025]
rule run_arpeggio_model:
    input: templates/ArpeggioInteractionPipeline.py, templates/config.yaml, templates/convert_dna_nomenclature.py
    output: output/arpeggio_output/G702S/model_2/arpeggio_output.csv, output/arpeggio_output/G702S/model_2/clashes_contacts.csv
    jobid: 6
    reason: Missing output files: output/arpeggio_output/G702S/model_2/arpeggio_output.csv, output/arpeggio_output/G702S/model_2/clashes_contacts.csv
    wildcards: mut=G702S, rep=2
    resources: tmpdir=/tmp

[Mon Dec  1 22:53:34 2025]
Finished job 6.
3 of 15 steps (20%) done
Select jobs to execute...

[Mon Dec  1 22:53:34 2025]
rule run_arpeggio_model:
    input: templates/ArpeggioInteractionPipeline.py, templates/config.yaml, templates/convert_dna_nomenclature.py
    output: output/arpeggio_output/G702S/model_0/arpeggio_output.csv, output/arpeggio_output/G702S/model_0/clashes_contacts.csv
    jobid: 4
    reason: Missing output files: output/arpeggio_output/G702S/model_0/arpeggio_output.csv, output/arpeggio_output/G702S/model_0/clashes_contacts.csv
    wildcards: mut=G702S, rep=0
    resources: tmpdir=/tmp

[Mon Dec  1 22:53:46 2025]
Finished job 4.
4 of 15 steps (27%) done
Select jobs to execute...

[Mon Dec  1 22:53:46 2025]
rule run_arpeggio_wt:
    input: templates/ArpeggioInteractionPipeline.py, templates/config.yaml, templates/convert_dna_nomenclature.py
    output: output/arpeggio_output/WT/arpeggio_output.csv, output/arpeggio_output/WT/clashes_contacts.csv
    jobid: 9
    reason: Missing output files: output/arpeggio_output/WT/clashes_contacts.csv, output/arpeggio_output/WT/arpeggio_output.csv
    resources: tmpdir=/tmp

[Mon Dec  1 22:53:57 2025]
Finished job 9.
5 of 15 steps (33%) done
Select jobs to execute...

[Mon Dec  1 22:53:57 2025]
rule run_arpeggio_model:
    input: templates/ArpeggioInteractionPipeline.py, templates/config.yaml, templates/convert_dna_nomenclature.py
    output: output/arpeggio_output/G702S/model_3/arpeggio_output.csv, output/arpeggio_output/G702S/model_3/clashes_contacts.csv
    jobid: 7
    reason: Missing output files: output/arpeggio_output/G702S/model_3/arpeggio_output.csv, output/arpeggio_output/G702S/model_3/clashes_contacts.csv
    wildcards: mut=G702S, rep=3
    resources: tmpdir=/tmp

[Mon Dec  1 22:54:08 2025]
Finished job 7.
6 of 15 steps (40%) done
Select jobs to execute...

[Mon Dec  1 22:54:08 2025]
rule plot_foldx_deltas:
    input: output/foldx_output/delta_mean.csv, templates/plot_foldx_deltas.py
    output: output/foldx_output/plots
    jobid: 1
    reason: Missing output files: output/foldx_output/plots; Input files updated by another job: output/foldx_output/delta_mean.csv
    resources: tmpdir=/tmp

[Mon Dec  1 22:54:09 2025]
Finished job 1.
7 of 15 steps (47%) done
Select jobs to execute...

[Mon Dec  1 22:54:09 2025]
rule run_arpeggio_model:
    input: templates/ArpeggioInteractionPipeline.py, templates/config.yaml, templates/convert_dna_nomenclature.py
    output: output/arpeggio_output/G702S/model_1/arpeggio_output.csv, output/arpeggio_output/G702S/model_1/clashes_contacts.csv
    jobid: 5
    reason: Missing output files: output/arpeggio_output/G702S/model_1/clashes_contacts.csv, output/arpeggio_output/G702S/model_1/arpeggio_output.csv
    wildcards: mut=G702S, rep=1
    resources: tmpdir=/tmp

[Mon Dec  1 22:54:20 2025]
Finished job 5.
8 of 15 steps (53%) done
Select jobs to execute...

[Mon Dec  1 22:54:20 2025]
rule aggregate_arpeggio:
    input: output/arpeggio_output/G702S/model_0/arpeggio_output.csv, output/arpeggio_output/G702S/model_1/arpeggio_output.csv, output/arpeggio_output/G702S/model_2/arpeggio_output.csv, output/arpeggio_output/G702S/model_3/arpeggio_output.csv, output/arpeggio_output/G702S/model_4/arpeggio_output.csv
    output: output/arpeggio_output/G702S/aggregated_results/contacts/aggregated_contacts.csv
    jobid: 3
    reason: Missing output files: output/arpeggio_output/G702S/aggregated_results/contacts/aggregated_contacts.csv; Input files updated by another job: output/arpeggio_output/G702S/model_3/arpeggio_output.csv, output/arpeggio_output/G702S/model_1/arpeggio_output.csv, output/arpeggio_output/G702S/model_0/arpeggio_output.csv, output/arpeggio_output/G702S/model_2/arpeggio_output.csv, output/arpeggio_output/G702S/model_4/arpeggio_output.csv
    wildcards: mut=G702S
    resources: tmpdir=/tmp

[Mon Dec  1 22:54:21 2025]
Finished job 3.
9 of 15 steps (60%) done
Select jobs to execute...

[Mon Dec  1 22:54:21 2025]
rule delta_vs_wt:
    input: output/arpeggio_output/G702S/aggregated_results/contacts/aggregated_contacts.csv, output/arpeggio_output/WT/arpeggio_output.csv
    output: output/arpeggio_output/G702S/aggregated_results/contacts/unique_contacts.csv
    jobid: 10
    reason: Missing output files: output/arpeggio_output/G702S/aggregated_results/contacts/unique_contacts.csv; Input files updated by another job: output/arpeggio_output/WT/arpeggio_output.csv, output/arpeggio_output/G702S/aggregated_results/contacts/aggregated_contacts.csv
    wildcards: mut=G702S
    resources: tmpdir=/tmp

[Mon Dec  1 22:54:22 2025]
Finished job 10.
10 of 15 steps (67%) done
Select jobs to execute...

[Mon Dec  1 22:54:22 2025]
rule collapse_models:
    input: output/arpeggio_output/G702S/aggregated_results/contacts/unique_contacts.csv
    output: output/arpeggio_output/G702S/aggregated_results/contacts/collapsed_unique_contacts.csv
    jobid: 11
    reason: Missing output files: output/arpeggio_output/G702S/aggregated_results/contacts/collapsed_unique_contacts.csv; Input files updated by another job: output/arpeggio_output/G702S/aggregated_results/contacts/unique_contacts.csv
    wildcards: mut=G702S
    resources: tmpdir=/tmp

[Mon Dec  1 22:54:23 2025]
Finished job 11.
11 of 15 steps (73%) done
Select jobs to execute...

[Mon Dec  1 22:54:23 2025]
rule aggregate_clashes:
    input: output/arpeggio_output/G702S/model_0/clashes_contacts.csv, output/arpeggio_output/G702S/model_1/clashes_contacts.csv, output/arpeggio_output/G702S/model_2/clashes_contacts.csv, output/arpeggio_output/G702S/model_3/clashes_contacts.csv, output/arpeggio_output/G702S/model_4/clashes_contacts.csv
    output: output/arpeggio_output/G702S/aggregated_results/clashes/aggregated_clashes.csv
    jobid: 12
    reason: Missing output files: output/arpeggio_output/G702S/aggregated_results/clashes/aggregated_clashes.csv; Input files updated by another job: output/arpeggio_output/G702S/model_2/clashes_contacts.csv, output/arpeggio_output/G702S/model_4/clashes_contacts.csv, output/arpeggio_output/G702S/model_1/clashes_contacts.csv, output/arpeggio_output/G702S/model_3/clashes_contacts.csv, output/arpeggio_output/G702S/model_0/clashes_contacts.csv
    wildcards: mut=G702S
    resources: tmpdir=/tmp

[Mon Dec  1 22:54:24 2025]
Finished job 12.
12 of 15 steps (80%) done
Select jobs to execute...

[Mon Dec  1 22:54:24 2025]
rule delta_vs_wt_clashes:
    input: output/arpeggio_output/G702S/aggregated_results/clashes/aggregated_clashes.csv, output/arpeggio_output/WT/clashes_contacts.csv
    output: output/arpeggio_output/G702S/aggregated_results/clashes/unique_clashes.csv
    jobid: 13
    reason: Missing output files: output/arpeggio_output/G702S/aggregated_results/clashes/unique_clashes.csv; Input files updated by another job: output/arpeggio_output/WT/clashes_contacts.csv, output/arpeggio_output/G702S/aggregated_results/clashes/aggregated_clashes.csv
    wildcards: mut=G702S
    resources: tmpdir=/tmp

[Mon Dec  1 22:54:25 2025]
Finished job 13.
13 of 15 steps (87%) done
Select jobs to execute...

[Mon Dec  1 22:54:25 2025]
rule collapse_clashes:
    input: output/arpeggio_output/G702S/aggregated_results/clashes/unique_clashes.csv
    output: output/arpeggio_output/G702S/aggregated_results/clashes/collapsed_unique_clashes.csv
    jobid: 14
    reason: Missing output files: output/arpeggio_output/G702S/aggregated_results/clashes/collapsed_unique_clashes.csv; Input files updated by another job: output/arpeggio_output/G702S/aggregated_results/clashes/unique_clashes.csv
    wildcards: mut=G702S
    resources: tmpdir=/tmp

[Mon Dec  1 22:54:26 2025]
Finished job 14.
14 of 15 steps (93%) done
Select jobs to execute...

[Mon Dec  1 22:54:26 2025]
localrule all:
    input: output/foldx_output/plots, output/arpeggio_output/G702S/aggregated_results/contacts/aggregated_contacts.csv, output/arpeggio_output/WT/arpeggio_output.csv, output/arpeggio_output/G702S/aggregated_results/contacts/unique_contacts.csv, output/arpeggio_output/G702S/aggregated_results/contacts/collapsed_unique_contacts.csv, output/arpeggio_output/G702S/aggregated_results/clashes/aggregated_clashes.csv, output/arpeggio_output/G702S/aggregated_results/clashes/unique_clashes.csv, output/arpeggio_output/G702S/aggregated_results/clashes/collapsed_unique_clashes.csv
    jobid: 0
    reason: Input files updated by another job: output/arpeggio_output/G702S/aggregated_results/contacts/unique_contacts.csv, output/foldx_output/plots, output/arpeggio_output/G702S/aggregated_results/contacts/collapsed_unique_contacts.csv, output/arpeggio_output/G702S/aggregated_results/clashes/aggregated_clashes.csv, output/arpeggio_output/G702S/aggregated_results/clashes/unique_clashes.csv, output/arpeggio_output/G702S/aggregated_results/clashes/collapsed_unique_clashes.csv, output/arpeggio_output/WT/arpeggio_output.csv, output/arpeggio_output/G702S/aggregated_results/contacts/aggregated_contacts.csv
    resources: tmpdir=/tmp

[Mon Dec  1 22:54:26 2025]
Finished job 0.
15 of 15 steps (100%) done
Complete log: .snakemake/log/2025-12-01T225310.703060.snakemake.log
